[debug] > Exec(early(addDefaultCommands), None, None)
[debug] > Exec(addDefaultCommands, None, None)
[debug] > Exec(early(initialize), None, None)
[debug] > Exec(initialize, None, None)
[debug] > Exec(boot, None, None)
[debug] > Exec(writeSbtVersion, None, None)
[debug] > Exec(reload, None, None)
[debug] > Exec(sbtStashOnFailure, None, None)
[debug] > Exec(onFailure loadFailed, None, None)
[debug] > Exec(loadp, None, None)
[info] welcome to sbt 1.5.8 (Oracle Corporation Java 16.0.1)
[debug]       Load.loadUnit: plugins took 477.2174ms
[debug]       Load.loadUnit: defsScala took 0.3597ms
[debug] [Loading] Scanning directory C:\Users\fabusbo\.sbt\1.0\plugins
[debug] [Loading] Found non-root projects 
[debug] [Loading] Done in C:\Users\fabusbo\.sbt\1.0\plugins, returning: ()
[debug] deducing auto plugins based on known facts Set(Atom(sbt.plugins.CorePlugin)) and clauses Clauses(Clause(Atom(sbt.plugins.JvmPlugin),Set(Atom(sbt.plugins.IvyPlugin)))
[debug] Clause(Atom(sbt.ScriptedPlugin),Set(Atom(sbt.plugins.JvmPlugin)))
[debug] Clause(Atom(sbt.plugins.SbtPlugin),Set(Atom(sbt.ScriptedPlugin)))
[debug] Clause(Atom(sbt.plugins.SemanticdbPlugin),Set(Atom(sbt.plugins.JvmPlugin)))
[debug] Clause(Atom(sbt.plugins.JUnitXmlReportPlugin),Set(Atom(sbt.plugins.JvmPlugin)))
[debug] Clause(Atom(sbt.plugins.MiniDependencyTreePlugin),Set(Atom(sbt.plugins.JvmPlugin)))
[debug] Clause(Atom(sbt.plugins.CorePlugin),Set(Atom(sbt.plugins.IvyPlugin)))
[debug] Clause(Atom(sbt.plugins.IvyPlugin),Set(Atom(sbt.plugins.JvmPlugin)))
[debug] Clause(Atom(sbt.plugins.JvmPlugin),Set(Atom(sbt.plugins.SemanticdbPlugin)))
[debug] Clause(Atom(sbt.plugins.JvmPlugin),Set(Atom(sbt.plugins.JUnitXmlReportPlugin)))
[debug] Clause(Atom(sbt.plugins.CorePlugin),Set(Atom(sbt.plugins.Giter8TemplatePlugin)))
[debug] Clause(Atom(sbt.plugins.JvmPlugin),Set(Atom(sbt.plugins.MiniDependencyTreePlugin))))
[debug]   :: deduced result: Matched(sbt.plugins.CorePlugin,sbt.plugins.Giter8TemplatePlugin,sbt.plugins.IvyPlugin,sbt.plugins.JvmPlugin,sbt.plugins.MiniDependencyTreePlugin,sbt.plugins.JUnitXmlReportPlugin,sbt.plugins.SemanticdbPlugin)
[debug] Plugins.deducer#function took 25.4599 ms
[debug]           Load.resolveProject(global-plugins) took 59.1959ms
[debug]         Load.loadTransitive: finalizeProject(Project(id global-plugins, base: C:\Users\fabusbo\.sbt\1.0\plugins, plugins: List(<none>))) took 121.1164ms
[debug] [Loading] Done in C:\Users\fabusbo\.sbt\1.0\plugins, returning: (global-plugins)
[debug]       Load.loadUnit: loadedProjectsRaw took 162.5853ms
[debug]       Load.loadUnit: cleanEvalClasses took 0.2964ms
[debug]     Load.loadUnit(file:/C:/Users/fabusbo/.sbt/1.0/plugins/, ...) took 664.6742ms
[debug]   Load.apply: load took 951.3886ms
[debug]   Load.apply: resolveProjects took 14.6098ms
[debug]   Load.apply: finalTransforms took 150.1676ms
[debug]   Load.apply: config.delegates took 33.3095ms
[debug]   Load.apply: Def.make(settings)... took 1881.3625ms
[debug]   Load.apply: structureIndex took 523.5768ms
[debug]   Load.apply: mkStreams took 3.8377ms
[info] loading global plugins from C:\Users\fabusbo\.sbt\1.0\plugins
[debug] Running task... Cancel: Signal, check cycles: false, forcegc: true
[debug] Load.defaultLoad until apply took 50883.6154ms
[debug]           Load.loadUnit: plugins took 51.3254ms
[debug]           Load.loadUnit: defsScala took 0.0164ms
[debug] [Loading] Scanning directory C:\Users\fabusbo\Desktop\VE-HEP\ap3\SpinalHDL\SecureSpinal\project
[debug] [Loading] Found non-root projects 
[debug] [Loading] Done in C:\Users\fabusbo\Desktop\VE-HEP\ap3\SpinalHDL\SecureSpinal\project, returning: ()
[debug] deducing auto plugins based on known facts Set(Atom(sbt.plugins.CorePlugin)) and clauses Clauses(Clause(Atom(sbt.plugins.JvmPlugin),Set(Atom(sbt.plugins.IvyPlugin)))
[debug] Clause(Atom(sbt.ScriptedPlugin),Set(Atom(sbt.plugins.JvmPlugin)))
[debug] Clause(Atom(sbt.plugins.SbtPlugin),Set(Atom(sbt.ScriptedPlugin)))
[debug] Clause(Atom(sbt.plugins.SemanticdbPlugin),Set(Atom(sbt.plugins.JvmPlugin)))
[debug] Clause(Atom(sbt.plugins.JUnitXmlReportPlugin),Set(Atom(sbt.plugins.JvmPlugin)))
[debug] Clause(Atom(sbt.plugins.MiniDependencyTreePlugin),Set(Atom(sbt.plugins.JvmPlugin)))
[debug] Clause(Atom(sbt.plugins.CorePlugin),Set(Atom(sbt.plugins.IvyPlugin)))
[debug] Clause(Atom(sbt.plugins.IvyPlugin),Set(Atom(sbt.plugins.JvmPlugin)))
[debug] Clause(Atom(sbt.plugins.JvmPlugin),Set(Atom(sbt.plugins.SemanticdbPlugin)))
[debug] Clause(Atom(sbt.plugins.JvmPlugin),Set(Atom(sbt.plugins.JUnitXmlReportPlugin)))
[debug] Clause(Atom(sbt.plugins.CorePlugin),Set(Atom(sbt.plugins.Giter8TemplatePlugin)))
[debug] Clause(Atom(sbt.plugins.JvmPlugin),Set(Atom(sbt.plugins.MiniDependencyTreePlugin))))
[debug]   :: deduced result: Matched(sbt.plugins.CorePlugin,sbt.plugins.Giter8TemplatePlugin,sbt.plugins.IvyPlugin,sbt.plugins.JvmPlugin,sbt.plugins.MiniDependencyTreePlugin,sbt.plugins.JUnitXmlReportPlugin,sbt.plugins.SemanticdbPlugin)
[debug] Plugins.deducer#function took 2.0939 ms
[debug]               Load.resolveProject(securespinal-build) took 2.1327ms
[debug]             Load.loadTransitive: finalizeProject(Project(id securespinal-build, base: C:\Users\fabusbo\Desktop\VE-HEP\ap3\SpinalHDL\SecureSpinal\project, plugins: List(<none>))) took 4.8465ms
[debug] [Loading] Done in C:\Users\fabusbo\Desktop\VE-HEP\ap3\SpinalHDL\SecureSpinal\project, returning: (securespinal-build)
[debug]           Load.loadUnit: loadedProjectsRaw took 7.1338ms
[debug]           Load.loadUnit: cleanEvalClasses took 0.0179ms
[debug]         Load.loadUnit(file:/C:/Users/fabusbo/Desktop/VE-HEP/ap3/SpinalHDL/SecureSpinal/project/, ...) took 61.343ms
[debug]       Load.apply: load took 63.7349ms
[debug]       Load.apply: resolveProjects took 0.1905ms
[debug]       Load.apply: finalTransforms took 29.2611ms
[debug]       Load.apply: config.delegates took 0.7869ms
[debug]       Load.apply: Def.make(settings)... took 136.8653ms
[debug]       Load.apply: structureIndex took 67.8887ms
[debug]       Load.apply: mkStreams took 0.0034ms
[info] loading project definition from C:\Users\fabusbo\Desktop\VE-HEP\ap3\SpinalHDL\SecureSpinal\project
[debug] Running task... Cancel: Signal, check cycles: false, forcegc: true
[debug]     Load.loadUnit: plugins took 886.0699ms
[debug]     Load.loadUnit: defsScala took 0.0049ms
[debug] [Loading] Scanning directory C:\Users\fabusbo\Desktop\VE-HEP\ap3\SpinalHDL\SecureSpinal
[debug] [Loading] Found non-root projects 
[debug] [Loading] Done in C:\Users\fabusbo\Desktop\VE-HEP\ap3\SpinalHDL\SecureSpinal, returning: ()
[debug] deducing auto plugins based on known facts Set(Atom(sbt.plugins.CorePlugin)) and clauses Clauses(Clause(Atom(sbt.plugins.JvmPlugin),Set(Atom(sbt.plugins.IvyPlugin)))
[debug] Clause(Atom(sbt.ScriptedPlugin),Set(Atom(sbt.plugins.JvmPlugin)))
[debug] Clause(Atom(sbt.plugins.SbtPlugin),Set(Atom(sbt.ScriptedPlugin)))
[debug] Clause(Atom(sbt.plugins.SemanticdbPlugin),Set(Atom(sbt.plugins.JvmPlugin)))
[debug] Clause(Atom(sbt.plugins.JUnitXmlReportPlugin),Set(Atom(sbt.plugins.JvmPlugin)))
[debug] Clause(Atom(sbt.plugins.MiniDependencyTreePlugin),Set(Atom(sbt.plugins.JvmPlugin)))
[debug] Clause(Atom(sbt.plugins.CorePlugin),Set(Atom(sbt.plugins.IvyPlugin)))
[debug] Clause(Atom(sbt.plugins.IvyPlugin),Set(Atom(sbt.plugins.JvmPlugin)))
[debug] Clause(Atom(sbt.plugins.JvmPlugin),Set(Atom(sbt.plugins.SemanticdbPlugin)))
[debug] Clause(Atom(sbt.plugins.JvmPlugin),Set(Atom(sbt.plugins.JUnitXmlReportPlugin)))
[debug] Clause(Atom(sbt.plugins.CorePlugin),Set(Atom(sbt.plugins.Giter8TemplatePlugin)))
[debug] Clause(Atom(sbt.plugins.JvmPlugin),Set(Atom(sbt.plugins.MiniDependencyTreePlugin))))
[debug]   :: deduced result: Matched(sbt.plugins.CorePlugin,sbt.plugins.Giter8TemplatePlugin,sbt.plugins.IvyPlugin,sbt.plugins.JvmPlugin,sbt.plugins.MiniDependencyTreePlugin,sbt.plugins.JUnitXmlReportPlugin,sbt.plugins.SemanticdbPlugin)
[debug] Plugins.deducer#function took 1.8784 ms
[debug]         Load.resolveProject(securespinal) took 1.553ms
[debug]       Load.loadTransitive: finalizeProject(Project(id securespinal, base: C:\Users\fabusbo\Desktop\VE-HEP\ap3\SpinalHDL\SecureSpinal, plugins: List(<none>))) took 3.9901ms
[debug] [Loading] Done in C:\Users\fabusbo\Desktop\VE-HEP\ap3\SpinalHDL\SecureSpinal, returning: (securespinal)
[debug]     Load.loadUnit: loadedProjectsRaw took 5.8394ms
[debug]     Load.loadUnit: cleanEvalClasses took 0.014ms
[debug]   Load.loadUnit(file:/C:/Users/fabusbo/Desktop/VE-HEP/ap3/SpinalHDL/SecureSpinal/, ...) took 893.1124ms
[debug] Load.apply: load took 896.4472ms
[debug] Load.apply: resolveProjects took 0.1284ms
[debug] Load.apply: finalTransforms took 11.2671ms
[debug] Load.apply: config.delegates took 0.3199ms
[debug] Load.apply: Def.make(settings)... took 106.772ms
[debug] Load.apply: structureIndex took 41.0992ms
[debug] Load.apply: mkStreams took 0.0028ms
[info] set current project to securespinal (in build file:/C:/Users/fabusbo/Desktop/VE-HEP/ap3/SpinalHDL/SecureSpinal/)
[debug] > Exec(sbtPopOnFailure, None, None)
[debug] > Exec(resumeFromFailure, None, None)
[debug] > Exec(notifyUsersAboutShell, None, None)
[debug] > Exec(iflast shell, None, None)
[debug] > Exec(shell, None, None)
[info] sbt server started at local:sbt-server-30cbc07e1fc4838a8d0d
[debug] Writing bsp connection file
[info] started sbt server
